<?xml version='1.0' encoding='utf-8'?>
<kmehr-cd>
	<NAME>testCodes</NAME>
	<TYPE>testCode</TYPE>
	<VALUE>
		<CODE>testcode0</CODE>
		<VERSION>1</VERSION>
		<DESCRIPTION L="en">testcode0</DESCRIPTION>
		<REGIONS>fr</REGIONS>
	</VALUE>
	<VALUE>
		<CODE>testcode0</CODE>
		<VERSION>2</VERSION>
		<DESCRIPTION L="en">testcode0</DESCRIPTION>
		<REGIONS>fr</REGIONS>
	</VALUE>
	<VALUE>
		<CODE>testcode0</CODE>
		<VERSION>3</VERSION>
		<DESCRIPTION L="en">testcode0</DESCRIPTION>
		<REGIONS>fr</REGIONS>
	</VALUE>
	<VALUE>
		<CODE>testcode0</CODE>
		<VERSION>4</VERSION>
		<DESCRIPTION L="en">testcode0</DESCRIPTION>
		<REGIONS>fr</REGIONS>
	</VALUE>
	<VALUE>
		<CODE>testcode1</CODE>
		<VERSION>1</VERSION>
		<DESCRIPTION L="en">testcode1</DESCRIPTION>
		<REGIONS>fr</REGIONS>
	</VALUE>
	<VALUE>
		<CODE>testcode1</CODE>
		<VERSION>2</VERSION>
		<DESCRIPTION L="en">testcode1</DESCRIPTION>
		<REGIONS>fr</REGIONS>
	</VALUE>
	<VALUE>
		<CODE>testcode2</CODE>
		<VERSION>1</VERSION>
		<DESCRIPTION L="en">testcode2</DESCRIPTION>
		<REGIONS>fr</REGIONS>
	</VALUE>
	<VALUE>
		<CODE>testcode3</CODE>
		<VERSION>1</VERSION>
		<DESCRIPTION L="en">testcode3</DESCRIPTION>
		<REGIONS>fr</REGIONS>
	</VALUE>
	<VALUE>
		<CODE>testcode4</CODE>
		<VERSION>1</VERSION>
		<DESCRIPTION L="en">testcode4</DESCRIPTION>
		<REGIONS>fr</REGIONS>
	</VALUE>
	<VALUE>
		<CODE>testcode5</CODE>
		<VERSION>1</VERSION>
		<DESCRIPTION L="en">testcode5</DESCRIPTION>
		<REGIONS>fr</REGIONS>
	</VALUE>
	<VALUE>
		<CODE>testcode5</CODE>
		<VERSION>2</VERSION>
		<DESCRIPTION L="en">testcode5</DESCRIPTION>
		<REGIONS>fr</REGIONS>
	</VALUE>
	<VALUE>
		<CODE>testcode5</CODE>
		<VERSION>3</VERSION>
		<DESCRIPTION L="en">testcode5</DESCRIPTION>
		<REGIONS>fr</REGIONS>
	</VALUE>
	<VALUE>
		<CODE>testcode6</CODE>
		<VERSION>1</VERSION>
		<DESCRIPTION L="en">testcode6</DESCRIPTION>
		<REGIONS>fr</REGIONS>
	</VALUE>
	<VALUE>
		<CODE>testcode6</CODE>
		<VERSION>2</VERSION>
		<DESCRIPTION L="en">testcode6</DESCRIPTION>
		<REGIONS>fr</REGIONS>
	</VALUE>
	<VALUE>
		<CODE>testcode7</CODE>
		<VERSION>1</VERSION>
		<DESCRIPTION L="en">testcode7</DESCRIPTION>
		<REGIONS>fr</REGIONS>
	</VALUE>
	<VALUE>
		<CODE>testcode7</CODE>
		<VERSION>2</VERSION>
		<DESCRIPTION L="en">testcode7</DESCRIPTION>
		<REGIONS>fr</REGIONS>
	</VALUE>
	<VALUE>
		<CODE>testcode8</CODE>
		<VERSION>1</VERSION>
		<DESCRIPTION L="en">testcode8</DESCRIPTION>
		<REGIONS>fr</REGIONS>
	</VALUE>
	<VALUE>
		<CODE>testcode8</CODE>
		<VERSION>2</VERSION>
		<DESCRIPTION L="en">testcode8</DESCRIPTION>
		<REGIONS>fr</REGIONS>
	</VALUE>
	<VALUE>
		<CODE>testcode9</CODE>
		<VERSION>1</VERSION>
		<DESCRIPTION L="en">testcode9</DESCRIPTION>
		<REGIONS>fr</REGIONS>
	</VALUE>
	<VALUE>
		<CODE>testcode10</CODE>
		<VERSION>1</VERSION>
		<DESCRIPTION L="en">testcode10</DESCRIPTION>
		<REGIONS>fr</REGIONS>
	</VALUE>
	<VALUE>
		<CODE>testcode11</CODE>
		<VERSION>1</VERSION>
		<DESCRIPTION L="en">testcode11</DESCRIPTION>
		<REGIONS>fr</REGIONS>
	</VALUE>
</kmehr-cd>
